# JRE version: OpenJDK Runtime Environment (16.0.2+7) (build 16.0.2+7-67)
# Java VM: OpenJDK 64-Bit Server VM (16.0.2+7-67, mixed mode, sharing, tiered, compressed oops, compressed class ptrs, g1 gc, windows-amd64)
GC Precious Log:
 CPUs: 4 total, 4 available
 Memory: 3980M
 Large Page Support: Disabled
 NUMA Support: Disabled
 Compressed Oops: Enabled (32-bit)
 Heap Region Size: 1M
 Heap Min Capacity: 8M
 Heap Initial Capacity: 64M
 Heap Max Capacity: 996M
 Pre-touch: Disabled
 Parallel Workers: 4
 Concurrent Workers: 1
 Concurrent Refinement Workers: 4
 Periodic GC: Disabled
Heap:
 garbage-first heap   total 65536K, used 35352K [0x00000000c1c00000, 0x0000000100000000)
  region size 1024K, 15 young (15360K), 4 survivors (4096K)
 Metaspace       used 17701K, committed 17856K, reserved 1064960K
  class space    used 2142K, committed 2240K, reserved 1048576K
GC Heap History (6 events):
Event: 4.364 GC heap before
{Heap before GC invocations=0 (full 0):
 garbage-first heap   total 65536K, used 12288K [0x00000000c1c00000, 0x0000000100000000)
  region size 1024K, 13 young (13312K), 0 survivors (0K)
 Metaspace       used 2510K, committed 2688K, reserved 1056768K
  class space    used 270K, committed 384K, reserved 1048576K
}
Event: 4.378 GC heap after
{Heap after GC invocations=1 (full 0):
 garbage-first heap   total 65536K, used 3514K [0x00000000c1c00000, 0x0000000100000000)
  region size 1024K, 2 young (2048K), 2 survivors (2048K)
 Metaspace       used 2510K, committed 2688K, reserved 1056768K
  class space    used 270K, committed 384K, reserved 1048576K
}
Event: 6.034 GC heap before
{Heap before GC invocations=1 (full 0):
 garbage-first heap   total 65536K, used 17850K [0x00000000c1c00000, 0x0000000100000000)
  region size 1024K, 16 young (16384K), 2 survivors (2048K)
 Metaspace       used 7054K, committed 7168K, reserved 1056768K
  class space    used 781K, committed 832K, reserved 1048576K
}
Event: 6.049 GC heap after
{Heap after GC invocations=2 (full 0):
 garbage-first heap   total 65536K, used 5261K [0x00000000c1c00000, 0x0000000100000000)
  region size 1024K, 2 young (2048K), 2 survivors (2048K)
 Metaspace       used 7054K, committed 7168K, reserved 1056768K
  class space    used 781K, committed 832K, reserved 1048576K
}
Event: 9.337 GC heap before
{Heap before GC invocations=2 (full 0):
 garbage-first heap   total 65536K, used 38029K [0x00000000c1c00000, 0x0000000100000000)
  region size 1024K, 34 young (34816K), 2 survivors (2048K)
 Metaspace       used 15515K, committed 15744K, reserved 1064960K
  class space    used 1843K, committed 1984K, reserved 1048576K
}
Event: 9.357 GC heap after
{Heap after GC invocations=3 (full 0):
 garbage-first heap   total 65536K, used 7704K [0x00000000c1c00000, 0x0000000100000000)
  region size 1024K, 4 young (4096K), 4 survivors (4096K)
 Metaspace       used 15515K, committed 15744K, reserved 1064960K
  class space    used 1843K, committed 1984K, reserved 1048576K
}

