# JRE version: OpenJDK Runtime Environment (16.0.2+7) (build 16.0.2+7-67)
# Java VM: OpenJDK 64-Bit Server VM (16.0.2+7-67, mixed mode, sharing, tiered, compressed oops, compressed class ptrs, g1 gc, windows-amd64)
GC Precious Log:
 CPUs: 4 total, 4 available
 Memory: 3980M
 Large Page Support: Disabled
 NUMA Support: Disabled
 Compressed Oops: Enabled (32-bit)
 Heap Region Size: 1M
 Heap Min Capacity: 8M
 Heap Initial Capacity: 64M
 Heap Max Capacity: 996M
 Pre-touch: Disabled
 Parallel Workers: 4
 Concurrent Workers: 1
 Concurrent Refinement Workers: 4
 Periodic GC: Disabled
Heap:
 garbage-first heap   total 65536K, used 26176K [0x00000000c1c00000, 0x0000000100000000)
  region size 1024K, 6 young (6144K), 4 survivors (4096K)
 Metaspace       used 15632K, committed 15936K, reserved 1064960K
  class space    used 1892K, committed 2048K, reserved 1048576K
GC Heap History (6 events):
Event: 2.592 GC heap before
{Heap before GC invocations=0 (full 0):
 garbage-first heap   total 65536K, used 13312K [0x00000000c1c00000, 0x0000000100000000)
  region size 1024K, 13 young (13312K), 0 survivors (0K)
 Metaspace       used 3407K, committed 3584K, reserved 1056768K
  class space    used 373K, committed 448K, reserved 1048576K
}
Event: 2.610 GC heap after
{Heap after GC invocations=1 (full 0):
 garbage-first heap   total 65536K, used 4046K [0x00000000c1c00000, 0x0000000100000000)
  region size 1024K, 2 young (2048K), 2 survivors (2048K)
 Metaspace       used 3407K, committed 3584K, reserved 1056768K
  class space    used 373K, committed 448K, reserved 1048576K
}
Event: 3.930 GC heap before
{Heap before GC invocations=1 (full 0):
 garbage-first heap   total 65536K, used 15310K [0x00000000c1c00000, 0x0000000100000000)
  region size 1024K, 13 young (13312K), 2 survivors (2048K)
 Metaspace       used 7745K, committed 7936K, reserved 1056768K
  class space    used 856K, committed 960K, reserved 1048576K
}
Event: 3.944 GC heap after
{Heap after GC invocations=2 (full 0):
 garbage-first heap   total 65536K, used 5837K [0x00000000c1c00000, 0x0000000100000000)
  region size 1024K, 2 young (2048K), 2 survivors (2048K)
 Metaspace       used 7745K, committed 7936K, reserved 1056768K
  class space    used 856K, committed 960K, reserved 1048576K
}
Event: 6.632 GC heap before
{Heap before GC invocations=2 (full 0):
 garbage-first heap   total 65536K, used 30413K [0x00000000c1c00000, 0x0000000100000000)
  region size 1024K, 26 young (26624K), 2 survivors (2048K)
 Metaspace       used 15284K, committed 15552K, reserved 1064960K
  class space    used 1840K, committed 1984K, reserved 1048576K
}
Event: 6.650 GC heap after
{Heap after GC invocations=3 (full 0):
 garbage-first heap   total 65536K, used 7744K [0x00000000c1c00000, 0x0000000100000000)
  region size 1024K, 4 young (4096K), 4 survivors (4096K)
 Metaspace       used 15284K, committed 15552K, reserved 1064960K
  class space    used 1840K, committed 1984K, reserved 1048576K
}

